Using pre-set license
Built from '2020.2/staging' branch; Version is '2020.2.5f1 (e2c53f129de5) revision 14861631'; Using compiler version '192528614'; Build Type 'Release'
OS: 'Windows 10 Pro; OS build 19041.804; Version 2004; 64bit' Language: 'en' Physical Memory: 65461 MB
BatchMode: 1, IsHumanControllingUs: 0, StartBugReporterOnCrash: 0, Is64bit: 1, IsPro: 0

 COMMAND LINE ARGUMENTS:
E:\Unity\Editor\Unity.exe
-adb2
-batchMode
-noUpm
-name
AssetImportWorker0
-projectPath
E:/PRojects/PPITProject
-logFile
Logs/AssetImportWorker0.log
-srvPort
52193
Successfully changed project path to: E:/PRojects/PPITProject
E:/PRojects/PPITProject
Using Asset Import Pipeline V2.
Refreshing native plugins compatible for Editor in 17.46 ms, found 2 plugins.
Preloading 0 native plugins for Editor in 0.00 ms.
Initialize engine version: 2020.2.5f1 (e2c53f129de5)
[Subsystems] Discovering subsystems at path E:/Unity/Editor/Data/Resources/UnitySubsystems
[Subsystems] Discovering subsystems at path E:/PRojects/PPITProject/Assets
GfxDevice: creating device client; threaded=0
Direct3D:
    Version:  Direct3D 11.0 [level 11.1]
    Renderer: NVIDIA GeForce RTX 2070 SUPER (ID=0x1e84)
    Vendor:   
    VRAM:     8011 MB
    Driver:   27.21.14.6140
Initialize mono
Mono path[0] = 'E:/Unity/Editor/Data/Managed'
Mono path[1] = 'E:/Unity/Editor/Data/MonoBleedingEdge/lib/mono/unityjit'
Mono config path = 'E:/Unity/Editor/Data/MonoBleedingEdge/etc'
Using monoOptions --debugger-agent=transport=dt_socket,embedding=1,server=y,suspend=n,address=127.0.0.1:56976
Begin MonoManager ReloadAssembly
Registering precompiled unity dll's ...
Register platform support module: E:/Unity/Editor/Data/PlaybackEngines/WindowsStandaloneSupport/UnityEditor.WindowsStandalone.Extensions.dll
Registered in 0.000778 seconds.
Native extension for WindowsStandalone target not found
Refreshing native plugins compatible for Editor in 15.69 ms, found 2 plugins.
Preloading 0 native plugins for Editor in 0.00 ms.
Invoked RoslynAnalysisRunner static constructor.
RoslynAnalysisRunner will not be running.
RoslynAnalysisRunner has terminated.
Mono: successfully reloaded assembly
- Completed reload, in  0.585 seconds
Platform modules already initialized, skipping
Registering precompiled user dll's ...
Registered in 0.003211 seconds.
Begin MonoManager ReloadAssembly
Native extension for WindowsStandalone target not found
Refreshing native plugins compatible for Editor in 0.32 ms, found 2 plugins.
Preloading 0 native plugins for Editor in 0.00 ms.
Invoked RoslynAnalysisRunner static constructor.
RoslynAnalysisRunner will not be running.
RoslynAnalysisRunner has terminated.
Mono: successfully reloaded assembly
- Completed reload, in  0.494 seconds
Platform modules already initialized, skipping
========================================================================
Worker process is ready to serve import requests
Launched and connected shader compiler UnityShaderCompiler.exe after 0.10 seconds
Refreshing native plugins compatible for Editor in 0.30 ms, found 2 plugins.
Preloading 0 native plugins for Editor in 0.00 ms.
Unloading 1099 Unused Serialized files (Serialized files now loaded: 0)
System memory in use before: 57.0 MB.
System memory in use after: 57.1 MB.

Unloading 26 unused Assets to reduce memory usage. Loaded Objects now: 1568.
Total: 1.486000 ms (FindLiveObjects: 0.147100 ms CreateObjectMapping: 0.040900 ms MarkObjects: 1.247100 ms  DeleteObjects: 0.050300 ms)

========================================================================
Received Import Request.
  path: Assets/crosshair.png
  artifactKey: Guid(d10ddae177a77504d871b290d1a16541) Importer(815301076,1909f56bfc062723c751e8b465ee728b)
Start importing Assets/crosshair.png using Guid(d10ddae177a77504d871b290d1a16541) Importer(815301076,1909f56bfc062723c751e8b465ee728b)  -> (artifact id: '79758dba037b57ee69cae51a10818b8e') in 0.061454 seconds
  Import took 0.063163 seconds .

========================================================================
Received Import Request.
  Time since last request: 91.654422 seconds.
  path: Assets/Spags Assets
  artifactKey: Guid(20e6d9fec530eaa41ab54dafd03dc61d) Importer(815301076,1909f56bfc062723c751e8b465ee728b)
Start importing Assets/Spags Assets using Guid(20e6d9fec530eaa41ab54dafd03dc61d) Importer(815301076,1909f56bfc062723c751e8b465ee728b)  -> (artifact id: 'fbb8f88002078733619ecc2e5764d029') in 0.006450 seconds
  Import took 0.008325 seconds .

========================================================================
Received Import Request.
  Time since last request: 8.315827 seconds.
  path: Assets/Spags Assets/Textures
  artifactKey: Guid(e432d6576e2fed5449314016ed291d0e) Importer(815301076,1909f56bfc062723c751e8b465ee728b)
Start importing Assets/Spags Assets/Textures using Guid(e432d6576e2fed5449314016ed291d0e) Importer(815301076,1909f56bfc062723c751e8b465ee728b)  -> (artifact id: 'c09700acd9bd43459de7f677105710d4') in 0.006892 seconds
  Import took 0.008654 seconds .

========================================================================
Received Import Request.
  Time since last request: 0.059809 seconds.
  path: Assets/Spags Assets/Textures/blue_hip.png
  artifactKey: Guid(f515a0a527c797a4281d239b6036679c) Importer(815301076,1909f56bfc062723c751e8b465ee728b)
Start importing Assets/Spags Assets/Textures/blue_hip.png using Guid(f515a0a527c797a4281d239b6036679c) Importer(815301076,1909f56bfc062723c751e8b465ee728b)  -> (artifact id: '2c8b40e5454e4928f113c96a3b8fb979') in 0.026290 seconds
  Import took 0.027991 seconds .

========================================================================
Received Import Request.
  Time since last request: 0.000282 seconds.
  path: Assets/Spags Assets/Textures/orange_hip.png
  artifactKey: Guid(57c9a5f3e6f4a544f85d5fc474f9b31f) Importer(815301076,1909f56bfc062723c751e8b465ee728b)
Start importing Assets/Spags Assets/Textures/orange_hip.png using Guid(57c9a5f3e6f4a544f85d5fc474f9b31f) Importer(815301076,1909f56bfc062723c751e8b465ee728b)  -> (artifact id: '6dc5af4d6b3e93e8b7531fa6fbbddd5b') in 0.016572 seconds
  Import took 0.018170 seconds .

========================================================================
Received Import Request.
  Time since last request: 0.000212 seconds.
  path: Assets/Spags Assets/Textures/orange_zoom.png
  artifactKey: Guid(7264b39d928ce9f4496024f4abccd855) Importer(815301076,1909f56bfc062723c751e8b465ee728b)
Start importing Assets/Spags Assets/Textures/orange_zoom.png using Guid(7264b39d928ce9f4496024f4abccd855) Importer(815301076,1909f56bfc062723c751e8b465ee728b)  -> (artifact id: 'd8f7e55799eef2797c9dd9d68fe2e4b9') in 0.017632 seconds
  Import took 0.018882 seconds .

========================================================================
Received Import Request.
  Time since last request: 0.000223 seconds.
  path: Assets/Spags Assets/Textures/yellow_zoom.png
  artifactKey: Guid(7e6328b2fffc1dc458a7f7ec2d0e9a0a) Importer(815301076,1909f56bfc062723c751e8b465ee728b)
Start importing Assets/Spags Assets/Textures/yellow_zoom.png using Guid(7e6328b2fffc1dc458a7f7ec2d0e9a0a) Importer(815301076,1909f56bfc062723c751e8b465ee728b)  -> (artifact id: '2587d49aa3edaab73ce47bdda85cfbe2') in 0.013435 seconds
  Import took 0.014885 seconds .

========================================================================
Received Import Request.
  Time since last request: 0.000247 seconds.
  path: Assets/Spags Assets/Textures/white_zoom.png
  artifactKey: Guid(449bde3d1675bf34c9c8d6adf165eb1d) Importer(815301076,1909f56bfc062723c751e8b465ee728b)
Start importing Assets/Spags Assets/Textures/white_zoom.png using Guid(449bde3d1675bf34c9c8d6adf165eb1d) Importer(815301076,1909f56bfc062723c751e8b465ee728b)  -> (artifact id: '97480b734a5522b64bc2773466a148c4') in 0.020536 seconds
  Import took 0.022018 seconds .

========================================================================
Received Import Request.
  Time since last request: 0.000228 seconds.
  path: Assets/Spags Assets/Textures/white_hip.png
  artifactKey: Guid(1bae1b3f8c11477459b77c7bd5740ba1) Importer(815301076,1909f56bfc062723c751e8b465ee728b)
Start importing Assets/Spags Assets/Textures/white_hip.png using Guid(1bae1b3f8c11477459b77c7bd5740ba1) Importer(815301076,1909f56bfc062723c751e8b465ee728b)  -> (artifact id: 'c4a2d5d9088cb788224637bd6e35a85b') in 0.018098 seconds
  Import took 0.019545 seconds .

========================================================================
Received Import Request.
  Time since last request: 0.000265 seconds.
  path: Assets/Spags Assets/Textures/red_hip.png
  artifactKey: Guid(13a399a940b94b84dbcabf78c6d770d2) Importer(815301076,1909f56bfc062723c751e8b465ee728b)
Start importing Assets/Spags Assets/Textures/red_hip.png using Guid(13a399a940b94b84dbcabf78c6d770d2) Importer(815301076,1909f56bfc062723c751e8b465ee728b)  -> (artifact id: '59a9371a9ba7283948df30a3eccca910') in 0.016552 seconds
  Import took 0.017943 seconds .

========================================================================
Received Import Request.
  Time since last request: 0.000186 seconds.
  path: Assets/Spags Assets/Textures/green_hip.png
  artifactKey: Guid(cb4032571444bfd468a18b2a29555d7d) Importer(815301076,1909f56bfc062723c751e8b465ee728b)
Start importing Assets/Spags Assets/Textures/green_hip.png using Guid(cb4032571444bfd468a18b2a29555d7d) Importer(815301076,1909f56bfc062723c751e8b465ee728b)  -> (artifact id: '94855693ddc05f9552ee319c19932271') in 0.021585 seconds
  Import took 0.022917 seconds .

========================================================================
Received Import Request.
  Time since last request: 0.000233 seconds.
  path: Assets/Spags Assets/Textures/blue_zoom.png
  artifactKey: Guid(2e9a5f8e887a9dc4284a17b10010e453) Importer(815301076,1909f56bfc062723c751e8b465ee728b)
Start importing Assets/Spags Assets/Textures/blue_zoom.png using Guid(2e9a5f8e887a9dc4284a17b10010e453) Importer(815301076,1909f56bfc062723c751e8b465ee728b)  -> (artifact id: '08fe6662180d199b21f224a2ebc0fe86') in 0.027862 seconds
  Import took 0.029242 seconds .

========================================================================
Received Import Request.
  Time since last request: 0.000290 seconds.
  path: Assets/Spags Assets/Textures/green_zoom.png
  artifactKey: Guid(dc1b7b0d21c517c4d947ff617fd2d79d) Importer(815301076,1909f56bfc062723c751e8b465ee728b)
Start importing Assets/Spags Assets/Textures/green_zoom.png using Guid(dc1b7b0d21c517c4d947ff617fd2d79d) Importer(815301076,1909f56bfc062723c751e8b465ee728b)  -> (artifact id: 'e23a9b756e2394091944efd4c18810c0') in 0.014866 seconds
  Import took 0.016522 seconds .

========================================================================
Received Import Request.
  Time since last request: 0.000278 seconds.
  path: Assets/Spags Assets/Textures/red_zoom.png
  artifactKey: Guid(7ee85774c8dc66047be4eabc0739f047) Importer(815301076,1909f56bfc062723c751e8b465ee728b)
Start importing Assets/Spags Assets/Textures/red_zoom.png using Guid(7ee85774c8dc66047be4eabc0739f047) Importer(815301076,1909f56bfc062723c751e8b465ee728b)  -> (artifact id: '631a12ec18bca0f48c7d45dfe8e6c9b2') in 0.021843 seconds
  Import took 0.023517 seconds .

========================================================================
Received Import Request.
  Time since last request: 0.000245 seconds.
  path: Assets/Spags Assets/Textures/green_zoom.png
  artifactKey: Guid(dc1b7b0d21c517c4d947ff617fd2d79d) Importer(815301076,1909f56bfc062723c751e8b465ee728b)
Start importing Assets/Spags Assets/Textures/green_zoom.png using Guid(dc1b7b0d21c517c4d947ff617fd2d79d) Importer(815301076,1909f56bfc062723c751e8b465ee728b)  -> (artifact id: 'e23a9b756e2394091944efd4c18810c0') in 0.010797 seconds
  Import took 0.012269 seconds .

========================================================================
Received Import Request.
  Time since last request: 0.000233 seconds.
  path: Assets/Spags Assets/Textures/yellow_hip.png
  artifactKey: Guid(55bc958e5755c0e45a50aece5d887f57) Importer(815301076,1909f56bfc062723c751e8b465ee728b)
Start importing Assets/Spags Assets/Textures/yellow_hip.png using Guid(55bc958e5755c0e45a50aece5d887f57) Importer(815301076,1909f56bfc062723c751e8b465ee728b)  -> (artifact id: 'cee2de3cc4edf9cb185809f6e90fe969') in 0.020587 seconds
  Import took 0.021873 seconds .

========================================================================
Received Import Request.
  Time since last request: 36.052154 seconds.
  path: Assets/Spags Assets/Textures/Demo
  artifactKey: Guid(f948756ca6a3d384ea9ac2dbf4da7d13) Importer(815301076,1909f56bfc062723c751e8b465ee728b)
Start importing Assets/Spags Assets/Textures/Demo using Guid(f948756ca6a3d384ea9ac2dbf4da7d13) Importer(815301076,1909f56bfc062723c751e8b465ee728b)  -> (artifact id: 'ba7521649d73807be3688dc82376cd4d') in 0.006892 seconds
  Import took 0.008617 seconds .

========================================================================
Received Import Request.
  Time since last request: 0.037526 seconds.
  path: Assets/Spags Assets/Textures/Demo/white_hip.png
  artifactKey: Guid(db63fa1c2adceb141974024b30ffa6db) Importer(815301076,1909f56bfc062723c751e8b465ee728b)
Start importing Assets/Spags Assets/Textures/Demo/white_hip.png using Guid(db63fa1c2adceb141974024b30ffa6db) Importer(815301076,1909f56bfc062723c751e8b465ee728b)  -> (artifact id: '9e252efbc814b99453be7d163c516092') in 0.104820 seconds
  Import took 0.107247 seconds .

========================================================================
Received Import Request.
  Time since last request: 0.000312 seconds.
  path: Assets/Spags Assets/Textures/Demo/white_zoom.png
  artifactKey: Guid(b92c2c26ebd072944bb67d1be7f6475e) Importer(815301076,1909f56bfc062723c751e8b465ee728b)
Start importing Assets/Spags Assets/Textures/Demo/white_zoom.png using Guid(b92c2c26ebd072944bb67d1be7f6475e) Importer(815301076,1909f56bfc062723c751e8b465ee728b)  -> (artifact id: '323e72523e8895bb15b1e44cca18c6d4') in 0.051443 seconds
  Import took 0.052901 seconds .

========================================================================
Received Prepare
Registering precompiled user dll's ...
Registered in 0.193105 seconds.
Begin MonoManager ReloadAssembly
Native extension for WindowsStandalone target not found
Refreshing native plugins compatible for Editor in 0.33 ms, found 2 plugins.
Preloading 0 native plugins for Editor in 0.00 ms.
Invoked RoslynAnalysisRunner static constructor.
RoslynAnalysisRunner will not be running.
RoslynAnalysisRunner has terminated.
Mono: successfully reloaded assembly
- Completed reload, in  0.587 seconds
Platform modules already initialized, skipping
Refreshing native plugins compatible for Editor in 0.33 ms, found 2 plugins.
Preloading 0 native plugins for Editor in 0.00 ms.
Unloading 1094 Unused Serialized files (Serialized files now loaded: 0)
System memory in use before: 60.1 MB.
System memory in use after: 60.2 MB.

Unloading 21 unused Assets to reduce memory usage. Loaded Objects now: 1608.
Total: 1.699500 ms (FindLiveObjects: 0.136800 ms CreateObjectMapping: 0.021500 ms MarkObjects: 1.518600 ms  DeleteObjects: 0.021900 ms)

========================================================================
Received Prepare
Registering precompiled user dll's ...
Registered in 0.003200 seconds.
Begin MonoManager ReloadAssembly
Native extension for WindowsStandalone target not found
Refreshing native plugins compatible for Editor in 0.41 ms, found 2 plugins.
Preloading 0 native plugins for Editor in 0.00 ms.
Invoked RoslynAnalysisRunner static constructor.
RoslynAnalysisRunner will not be running.
RoslynAnalysisRunner has terminated.
Mono: successfully reloaded assembly
- Completed reload, in  0.510 seconds
Platform modules already initialized, skipping
Refreshing native plugins compatible for Editor in 0.33 ms, found 2 plugins.
Preloading 0 native plugins for Editor in 0.00 ms.
Unloading 1094 Unused Serialized files (Serialized files now loaded: 0)
System memory in use before: 60.1 MB.
System memory in use after: 60.2 MB.

Unloading 21 unused Assets to reduce memory usage. Loaded Objects now: 1610.
Total: 1.412900 ms (FindLiveObjects: 0.150300 ms CreateObjectMapping: 0.023200 ms MarkObjects: 1.223400 ms  DeleteObjects: 0.015000 ms)

========================================================================
Received Prepare
Registering precompiled user dll's ...
Registered in 0.003100 seconds.
Begin MonoManager ReloadAssembly
Native extension for WindowsStandalone target not found
Refreshing native plugins compatible for Editor in 0.36 ms, found 2 plugins.
Preloading 0 native plugins for Editor in 0.00 ms.
Invoked RoslynAnalysisRunner static constructor.
RoslynAnalysisRunner will not be running.
RoslynAnalysisRunner has terminated.
Mono: successfully reloaded assembly
- Completed reload, in  0.499 seconds
Platform modules already initialized, skipping
Refreshing native plugins compatible for Editor in 0.27 ms, found 2 plugins.
Preloading 0 native plugins for Editor in 0.00 ms.
Unloading 1094 Unused Serialized files (Serialized files now loaded: 0)
System memory in use before: 60.2 MB.
System memory in use after: 60.2 MB.

Unloading 21 unused Assets to reduce memory usage. Loaded Objects now: 1612.
Total: 1.351400 ms (FindLiveObjects: 0.133900 ms CreateObjectMapping: 0.023700 ms MarkObjects: 1.178700 ms  DeleteObjects: 0.014600 ms)

========================================================================
Received Prepare
Registering precompiled user dll's ...
Registered in 0.003102 seconds.
Begin MonoManager ReloadAssembly
Native extension for WindowsStandalone target not found
Refreshing native plugins compatible for Editor in 0.33 ms, found 2 plugins.
Preloading 0 native plugins for Editor in 0.00 ms.
Invoked RoslynAnalysisRunner static constructor.
RoslynAnalysisRunner will not be running.
RoslynAnalysisRunner has terminated.
Mono: successfully reloaded assembly
- Completed reload, in  0.518 seconds
Platform modules already initialized, skipping
Refreshing native plugins compatible for Editor in 0.48 ms, found 2 plugins.
Preloading 0 native plugins for Editor in 0.00 ms.
Unloading 1094 Unused Serialized files (Serialized files now loaded: 0)
System memory in use before: 60.2 MB.
System memory in use after: 60.3 MB.

Unloading 21 unused Assets to reduce memory usage. Loaded Objects now: 1614.
Total: 1.461000 ms (FindLiveObjects: 0.145900 ms CreateObjectMapping: 0.023500 ms MarkObjects: 1.271300 ms  DeleteObjects: 0.019800 ms)

========================================================================
Received Prepare
Registering precompiled user dll's ...
Registered in 0.003080 seconds.
Begin MonoManager ReloadAssembly
Native extension for WindowsStandalone target not found
Refreshing native plugins compatible for Editor in 0.33 ms, found 2 plugins.
Preloading 0 native plugins for Editor in 0.00 ms.
Invoked RoslynAnalysisRunner static constructor.
RoslynAnalysisRunner will not be running.
RoslynAnalysisRunner has terminated.
Mono: successfully reloaded assembly
- Completed reload, in  0.527 seconds
Platform modules already initialized, skipping
Refreshing native plugins compatible for Editor in 0.33 ms, found 2 plugins.
Preloading 0 native plugins for Editor in 0.00 ms.
Unloading 1094 Unused Serialized files (Serialized files now loaded: 0)
System memory in use before: 60.2 MB.
System memory in use after: 60.3 MB.

Unloading 21 unused Assets to reduce memory usage. Loaded Objects now: 1616.
Total: 1.363800 ms (FindLiveObjects: 0.133900 ms CreateObjectMapping: 0.023500 ms MarkObjects: 1.190400 ms  DeleteObjects: 0.015500 ms)

========================================================================
Received Prepare
Registering precompiled user dll's ...
Registered in 0.003085 seconds.
Begin MonoManager ReloadAssembly
Native extension for WindowsStandalone target not found
Refreshing native plugins compatible for Editor in 0.33 ms, found 2 plugins.
Preloading 0 native plugins for Editor in 0.00 ms.
Invoked RoslynAnalysisRunner static constructor.
RoslynAnalysisRunner will not be running.
RoslynAnalysisRunner has terminated.
Mono: successfully reloaded assembly
- Completed reload, in  0.495 seconds
Platform modules already initialized, skipping
Refreshing native plugins compatible for Editor in 0.34 ms, found 2 plugins.
Preloading 0 native plugins for Editor in 0.00 ms.
Unloading 1094 Unused Serialized files (Serialized files now loaded: 0)
System memory in use before: 60.2 MB.
System memory in use after: 60.3 MB.

Unloading 21 unused Assets to reduce memory usage. Loaded Objects now: 1618.
Total: 1.470100 ms (FindLiveObjects: 0.124300 ms CreateObjectMapping: 0.023400 ms MarkObjects: 1.303400 ms  DeleteObjects: 0.018500 ms)

========================================================================
Received Prepare
Registering precompiled user dll's ...
Registered in 0.003136 seconds.
Begin MonoManager ReloadAssembly
Native extension for WindowsStandalone target not found
Refreshing native plugins compatible for Editor in 0.34 ms, found 2 plugins.
Preloading 0 native plugins for Editor in 0.00 ms.
Invoked RoslynAnalysisRunner static constructor.
RoslynAnalysisRunner will not be running.
RoslynAnalysisRunner has terminated.
Mono: successfully reloaded assembly
- Completed reload, in  0.504 seconds
Platform modules already initialized, skipping
Refreshing native plugins compatible for Editor in 0.38 ms, found 2 plugins.
Preloading 0 native plugins for Editor in 0.00 ms.
Unloading 1094 Unused Serialized files (Serialized files now loaded: 0)
System memory in use before: 60.2 MB.
System memory in use after: 60.3 MB.

Unloading 21 unused Assets to reduce memory usage. Loaded Objects now: 1620.
Total: 1.750800 ms (FindLiveObjects: 0.158300 ms CreateObjectMapping: 0.026700 ms MarkObjects: 1.542800 ms  DeleteObjects: 0.022200 ms)

========================================================================
Received Prepare
Registering precompiled user dll's ...
Registered in 0.003265 seconds.
Begin MonoManager ReloadAssembly
Native extension for WindowsStandalone target not found
Refreshing native plugins compatible for Editor in 0.33 ms, found 2 plugins.
Preloading 0 native plugins for Editor in 0.00 ms.
Invoked RoslynAnalysisRunner static constructor.
RoslynAnalysisRunner will not be running.
RoslynAnalysisRunner has terminated.
Mono: successfully reloaded assembly
- Completed reload, in  0.496 seconds
Platform modules already initialized, skipping
Refreshing native plugins compatible for Editor in 0.31 ms, found 2 plugins.
Preloading 0 native plugins for Editor in 0.00 ms.
Unloading 1094 Unused Serialized files (Serialized files now loaded: 0)
System memory in use before: 60.2 MB.
System memory in use after: 60.3 MB.

Unloading 21 unused Assets to reduce memory usage. Loaded Objects now: 1622.
Total: 1.506400 ms (FindLiveObjects: 0.147300 ms CreateObjectMapping: 0.026900 ms MarkObjects: 1.313100 ms  DeleteObjects: 0.018200 ms)

========================================================================
Received Prepare
Registering precompiled user dll's ...
Registered in 0.003091 seconds.
Begin MonoManager ReloadAssembly
Native extension for WindowsStandalone target not found
Refreshing native plugins compatible for Editor in 0.33 ms, found 2 plugins.
Preloading 0 native plugins for Editor in 0.00 ms.
Invoked RoslynAnalysisRunner static constructor.
RoslynAnalysisRunner will not be running.
RoslynAnalysisRunner has terminated.
Mono: successfully reloaded assembly
- Completed reload, in  0.476 seconds
Platform modules already initialized, skipping
Refreshing native plugins compatible for Editor in 0.26 ms, found 2 plugins.
Preloading 0 native plugins for Editor in 0.00 ms.
Unloading 1094 Unused Serialized files (Serialized files now loaded: 0)
System memory in use before: 60.2 MB.
System memory in use after: 60.3 MB.

Unloading 21 unused Assets to reduce memory usage. Loaded Objects now: 1624.
Total: 1.650400 ms (FindLiveObjects: 0.134500 ms CreateObjectMapping: 0.024800 ms MarkObjects: 1.465900 ms  DeleteObjects: 0.024200 ms)

========================================================================
Received Import Request.
  Time since last request: 1585.512070 seconds.
  path: Assets/CursorHide.cs
  artifactKey: Guid(88e57074edc221141ab3abd985d8181a) Importer(815301076,1909f56bfc062723c751e8b465ee728b)
Start importing Assets/CursorHide.cs using Guid(88e57074edc221141ab3abd985d8181a) Importer(815301076,1909f56bfc062723c751e8b465ee728b)  -> (artifact id: '667c9309becfe94bba1df7fba26f0207') in 0.016137 seconds
  Import took 0.017981 seconds .

========================================================================
Received Prepare
Registering precompiled user dll's ...
Registered in 0.003054 seconds.
Begin MonoManager ReloadAssembly
Native extension for WindowsStandalone target not found
Refreshing native plugins compatible for Editor in 0.31 ms, found 2 plugins.
Preloading 0 native plugins for Editor in 0.00 ms.
Invoked RoslynAnalysisRunner static constructor.
RoslynAnalysisRunner will not be running.
RoslynAnalysisRunner has terminated.
Mono: successfully reloaded assembly
- Completed reload, in  0.472 seconds
Platform modules already initialized, skipping
Refreshing native plugins compatible for Editor in 0.17 ms, found 2 plugins.
Preloading 0 native plugins for Editor in 0.00 ms.
Unloading 1095 Unused Serialized files (Serialized files now loaded: 0)
System memory in use before: 60.2 MB.
System memory in use after: 60.3 MB.

Unloading 21 unused Assets to reduce memory usage. Loaded Objects now: 1627.
Total: 1.358500 ms (FindLiveObjects: 0.113200 ms CreateObjectMapping: 0.027900 ms MarkObjects: 1.199200 ms  DeleteObjects: 0.017200 ms)

========================================================================
Received Import Request.
  Time since last request: 64.109525 seconds.
  path: Assets/CursorHide.cs
  artifactKey: Guid(88e57074edc221141ab3abd985d8181a) Importer(815301076,1909f56bfc062723c751e8b465ee728b)
Start importing Assets/CursorHide.cs using Guid(88e57074edc221141ab3abd985d8181a) Importer(815301076,1909f56bfc062723c751e8b465ee728b)  -> (artifact id: '73286ed4eb72345e506a4e4fe43d04d8') in 0.005770 seconds
  Import took 0.007617 seconds .

========================================================================
Received Import Request.
  Time since last request: 0.000928 seconds.
  path: Assets/CursorHide.cs
  artifactKey: Guid(88e57074edc221141ab3abd985d8181a) Importer(815301076,1909f56bfc062723c751e8b465ee728b)
Start importing Assets/CursorHide.cs using Guid(88e57074edc221141ab3abd985d8181a) Importer(815301076,1909f56bfc062723c751e8b465ee728b)  -> (artifact id: '73286ed4eb72345e506a4e4fe43d04d8') in 0.003434 seconds
  Import took 0.004684 seconds .

========================================================================
Received Prepare
Registering precompiled user dll's ...
Registered in 0.003153 seconds.
Begin MonoManager ReloadAssembly
Native extension for WindowsStandalone target not found
Refreshing native plugins compatible for Editor in 0.32 ms, found 2 plugins.
Preloading 0 native plugins for Editor in 0.00 ms.
Invoked RoslynAnalysisRunner static constructor.
RoslynAnalysisRunner will not be running.
RoslynAnalysisRunner has terminated.
Mono: successfully reloaded assembly
- Completed reload, in  0.470 seconds
Platform modules already initialized, skipping
Refreshing native plugins compatible for Editor in 0.18 ms, found 2 plugins.
Preloading 0 native plugins for Editor in 0.00 ms.
Unloading 1095 Unused Serialized files (Serialized files now loaded: 0)
System memory in use before: 60.2 MB.
System memory in use after: 60.3 MB.

Unloading 21 unused Assets to reduce memory usage. Loaded Objects now: 1629.
Total: 1.510700 ms (FindLiveObjects: 0.127400 ms CreateObjectMapping: 0.023400 ms MarkObjects: 1.337400 ms  DeleteObjects: 0.021500 ms)

========================================================================
Received Prepare
Registering precompiled user dll's ...
Registered in 0.002904 seconds.
Begin MonoManager ReloadAssembly
Native extension for WindowsStandalone target not found
Refreshing native plugins compatible for Editor in 0.33 ms, found 2 plugins.
Preloading 0 native plugins for Editor in 0.00 ms.
Invoked RoslynAnalysisRunner static constructor.
RoslynAnalysisRunner will not be running.
RoslynAnalysisRunner has terminated.
Mono: successfully reloaded assembly
- Completed reload, in  0.476 seconds
Platform modules already initialized, skipping
Refreshing native plugins compatible for Editor in 0.25 ms, found 2 plugins.
Preloading 0 native plugins for Editor in 0.00 ms.
Unloading 1095 Unused Serialized files (Serialized files now loaded: 0)
System memory in use before: 60.2 MB.
System memory in use after: 60.3 MB.

Unloading 21 unused Assets to reduce memory usage. Loaded Objects now: 1631.
Total: 1.556200 ms (FindLiveObjects: 0.181700 ms CreateObjectMapping: 0.038500 ms MarkObjects: 1.319000 ms  DeleteObjects: 0.016400 ms)

========================================================================
Received Prepare
Registering precompiled user dll's ...
Registered in 0.003075 seconds.
Begin MonoManager ReloadAssembly
Native extension for WindowsStandalone target not found
Refreshing native plugins compatible for Editor in 0.33 ms, found 2 plugins.
Preloading 0 native plugins for Editor in 0.00 ms.
Invoked RoslynAnalysisRunner static constructor.
RoslynAnalysisRunner will not be running.
RoslynAnalysisRunner has terminated.
Mono: successfully reloaded assembly
- Completed reload, in  0.508 seconds
Platform modules already initialized, skipping
Refreshing native plugins compatible for Editor in 0.27 ms, found 2 plugins.
Preloading 0 native plugins for Editor in 0.00 ms.
Unloading 1095 Unused Serialized files (Serialized files now loaded: 0)
System memory in use before: 60.2 MB.
System memory in use after: 60.3 MB.

Unloading 21 unused Assets to reduce memory usage. Loaded Objects now: 1633.
Total: 1.455300 ms (FindLiveObjects: 0.163800 ms CreateObjectMapping: 0.044000 ms MarkObjects: 1.230300 ms  DeleteObjects: 0.016100 ms)

========================================================================
Received Prepare
Registering precompiled user dll's ...
Registered in 0.003054 seconds.
Begin MonoManager ReloadAssembly
Native extension for WindowsStandalone target not found
Refreshing native plugins compatible for Editor in 0.34 ms, found 2 plugins.
Preloading 0 native plugins for Editor in 0.00 ms.
Invoked RoslynAnalysisRunner static constructor.
RoslynAnalysisRunner will not be running.
RoslynAnalysisRunner has terminated.
Mono: successfully reloaded assembly
- Completed reload, in  0.483 seconds
Platform modules already initialized, skipping
Refreshing native plugins compatible for Editor in 0.31 ms, found 2 plugins.
Preloading 0 native plugins for Editor in 0.00 ms.
Unloading 1095 Unused Serialized files (Serialized files now loaded: 0)
System memory in use before: 60.2 MB.
System memory in use after: 60.3 MB.

Unloading 21 unused Assets to reduce memory usage. Loaded Objects now: 1635.
Total: 1.344300 ms (FindLiveObjects: 0.154900 ms CreateObjectMapping: 0.029900 ms MarkObjects: 1.143600 ms  DeleteObjects: 0.015200 ms)

========================================================================
Received Import Request.
  Time since last request: 239.365143 seconds.
  path: Assets/Bullet.prefab
  artifactKey: Guid(7765223cdb96b714ebf0e82724397cec) Importer(815301076,1909f56bfc062723c751e8b465ee728b)
Start importing Assets/Bullet.prefab using Guid(7765223cdb96b714ebf0e82724397cec) Importer(815301076,1909f56bfc062723c751e8b465ee728b)  -> (artifact id: '73b3b63cf4c4d4288dd42296088aa683') in 0.048983 seconds
  Import took 0.050792 seconds .

========================================================================
Received Prepare
Registering precompiled user dll's ...
Registered in 0.003373 seconds.
Begin MonoManager ReloadAssembly
Native extension for WindowsStandalone target not found
Refreshing native plugins compatible for Editor in 0.35 ms, found 2 plugins.
Preloading 0 native plugins for Editor in 0.00 ms.
Invoked RoslynAnalysisRunner static constructor.
RoslynAnalysisRunner will not be running.
RoslynAnalysisRunner has terminated.
Mono: successfully reloaded assembly
- Completed reload, in  0.529 seconds
Platform modules already initialized, skipping
Refreshing native plugins compatible for Editor in 0.28 ms, found 2 plugins.
Preloading 0 native plugins for Editor in 0.00 ms.
Unloading 1095 Unused Serialized files (Serialized files now loaded: 0)
System memory in use before: 60.3 MB.
System memory in use after: 60.4 MB.

Unloading 22 unused Assets to reduce memory usage. Loaded Objects now: 1642.
Total: 1.392100 ms (FindLiveObjects: 0.189900 ms CreateObjectMapping: 0.033100 ms MarkObjects: 1.150100 ms  DeleteObjects: 0.018400 ms)

========================================================================
Received Prepare
Registering precompiled user dll's ...
Registered in 0.003355 seconds.
Begin MonoManager ReloadAssembly
Native extension for WindowsStandalone target not found
Refreshing native plugins compatible for Editor in 0.37 ms, found 2 plugins.
Preloading 0 native plugins for Editor in 0.00 ms.
Invoked RoslynAnalysisRunner static constructor.
RoslynAnalysisRunner will not be running.
RoslynAnalysisRunner has terminated.
Mono: successfully reloaded assembly
- Completed reload, in  0.554 seconds
Platform modules already initialized, skipping
Refreshing native plugins compatible for Editor in 0.33 ms, found 2 plugins.
Preloading 0 native plugins for Editor in 0.00 ms.
Unloading 1095 Unused Serialized files (Serialized files now loaded: 0)
System memory in use before: 60.3 MB.
System memory in use after: 60.4 MB.

Unloading 21 unused Assets to reduce memory usage. Loaded Objects now: 1644.
Total: 1.502300 ms (FindLiveObjects: 0.160700 ms CreateObjectMapping: 0.023600 ms MarkObjects: 1.299100 ms  DeleteObjects: 0.017600 ms)

========================================================================
Received Import Request.
  Time since last request: 1243.275674 seconds.
  path: Assets/Click To Color
  artifactKey: Guid(1fabe874c70100740af2880cbb64ff34) Importer(815301076,1909f56bfc062723c751e8b465ee728b)
Start importing Assets/Click To Color using Guid(1fabe874c70100740af2880cbb64ff34) Importer(815301076,1909f56bfc062723c751e8b465ee728b)  -> (artifact id: '0975a3fb898c3862a06247585a1184d0') in 0.009704 seconds
  Import took 0.011594 seconds .

========================================================================
Received Prepare
Registering precompiled user dll's ...
Registered in 0.003131 seconds.
Begin MonoManager ReloadAssembly
Native extension for WindowsStandalone target not found
Refreshing native plugins compatible for Editor in 0.34 ms, found 2 plugins.
Preloading 0 native plugins for Editor in 0.00 ms.
Invoked RoslynAnalysisRunner static constructor.
RoslynAnalysisRunner will not be running.
RoslynAnalysisRunner has terminated.
Mono: successfully reloaded assembly
- Completed reload, in  0.501 seconds
Platform modules already initialized, skipping
Refreshing native plugins compatible for Editor in 0.26 ms, found 2 plugins.
Preloading 0 native plugins for Editor in 0.00 ms.
Unloading 1094 Unused Serialized files (Serialized files now loaded: 0)
System memory in use before: 60.3 MB.
System memory in use after: 60.4 MB.

Unloading 21 unused Assets to reduce memory usage. Loaded Objects now: 1646.
Total: 1.473400 ms (FindLiveObjects: 0.159200 ms CreateObjectMapping: 0.039300 ms MarkObjects: 1.257100 ms  DeleteObjects: 0.017100 ms)

========================================================================
Received Prepare
Registering precompiled user dll's ...
Registered in 0.003190 seconds.
Begin MonoManager ReloadAssembly
Native extension for WindowsStandalone target not found
Refreshing native plugins compatible for Editor in 0.33 ms, found 2 plugins.
Preloading 0 native plugins for Editor in 0.00 ms.
Invoked RoslynAnalysisRunner static constructor.
RoslynAnalysisRunner will not be running.
RoslynAnalysisRunner has terminated.
Mono: successfully reloaded assembly
- Completed reload, in  0.498 seconds
Platform modules already initialized, skipping
Refreshing native plugins compatible for Editor in 0.33 ms, found 2 plugins.
Preloading 0 native plugins for Editor in 0.00 ms.
Unloading 1095 Unused Serialized files (Serialized files now loaded: 0)
System memory in use before: 60.3 MB.
System memory in use after: 60.4 MB.

Unloading 21 unused Assets to reduce memory usage. Loaded Objects now: 1649.
Total: 1.676600 ms (FindLiveObjects: 0.172400 ms CreateObjectMapping: 0.037100 ms MarkObjects: 1.448900 ms  DeleteObjects: 0.017200 ms)

========================================================================
Received Import Request.
  Time since last request: 374.869232 seconds.
  path: Assets/Bullet.prefab
  artifactKey: Guid(7765223cdb96b714ebf0e82724397cec) Importer(815301076,1909f56bfc062723c751e8b465ee728b)
Start importing Assets/Bullet.prefab using Guid(7765223cdb96b714ebf0e82724397cec) Importer(815301076,1909f56bfc062723c751e8b465ee728b)  -> (artifact id: '7ece694fbe748c79d71cf8e4a00f4425') in 0.040498 seconds
  Import took 0.042476 seconds .

========================================================================
Received Import Request.
  Time since last request: 0.370517 seconds.
  path: Assets/bulletController.cs
  artifactKey: Guid(d7a29885135c8e541bcefccba01904bb) Importer(815301076,1909f56bfc062723c751e8b465ee728b)
Start importing Assets/bulletController.cs using Guid(d7a29885135c8e541bcefccba01904bb) Importer(815301076,1909f56bfc062723c751e8b465ee728b)  -> (artifact id: '5cab2c50a6b3044157bc865535ffd17b') in 0.007660 seconds
  Import took 0.009386 seconds .

========================================================================
Received Import Request.
  Time since last request: 0.001141 seconds.
  path: Assets/bulletController.cs
  artifactKey: Guid(d7a29885135c8e541bcefccba01904bb) Importer(815301076,1909f56bfc062723c751e8b465ee728b)
Start importing Assets/bulletController.cs using Guid(d7a29885135c8e541bcefccba01904bb) Importer(815301076,1909f56bfc062723c751e8b465ee728b)  -> (artifact id: '5cab2c50a6b3044157bc865535ffd17b') in 0.003521 seconds
  Import took 0.005260 seconds .

========================================================================
Received Import Request.
  Time since last request: 412.624889 seconds.
  path: Assets/bulletController.cs
  artifactKey: Guid(d7a29885135c8e541bcefccba01904bb) Importer(815301076,1909f56bfc062723c751e8b465ee728b)
Start importing Assets/bulletController.cs using Guid(d7a29885135c8e541bcefccba01904bb) Importer(815301076,1909f56bfc062723c751e8b465ee728b)  -> (artifact id: '88c8b17f0892d762df014033cf9c6ded') in 0.006946 seconds
  Import took 0.008864 seconds .

========================================================================
Received Import Request.
  Time since last request: 77.036442 seconds.
  path: Assets/bulletController.cs
  artifactKey: Guid(d7a29885135c8e541bcefccba01904bb) Importer(815301076,1909f56bfc062723c751e8b465ee728b)
Start importing Assets/bulletController.cs using Guid(d7a29885135c8e541bcefccba01904bb) Importer(815301076,1909f56bfc062723c751e8b465ee728b)  -> (artifact id: '7f733043090d66e6e55c9807588682fd') in 0.005742 seconds
  Import took 0.007787 seconds .

========================================================================
Received Import Request.
  Time since last request: 172.316316 seconds.
  path: Assets/Bullet.prefab
  artifactKey: Guid(7765223cdb96b714ebf0e82724397cec) Importer(815301076,1909f56bfc062723c751e8b465ee728b)
Start importing Assets/Bullet.prefab using Guid(7765223cdb96b714ebf0e82724397cec) Importer(815301076,1909f56bfc062723c751e8b465ee728b)  -> (artifact id: '7267d3e50b75e198bdeaa93ca6b356db') in 0.010708 seconds
  Import took 0.012463 seconds .

========================================================================
Received Import Request.
  Time since last request: 0.002345 seconds.
  path: Assets/Bullet.prefab
  artifactKey: Guid(7765223cdb96b714ebf0e82724397cec) Importer(815301076,1909f56bfc062723c751e8b465ee728b)
Start importing Assets/Bullet.prefab using Guid(7765223cdb96b714ebf0e82724397cec) Importer(815301076,1909f56bfc062723c751e8b465ee728b)  -> (artifact id: '7267d3e50b75e198bdeaa93ca6b356db') in 0.011313 seconds
  Import took 0.013093 seconds .

========================================================================
Received Import Request.
  Time since last request: 6.010814 seconds.
  path: Assets/bulletController.cs
  artifactKey: Guid(d7a29885135c8e541bcefccba01904bb) Importer(815301076,1909f56bfc062723c751e8b465ee728b)
Start importing Assets/bulletController.cs using Guid(d7a29885135c8e541bcefccba01904bb) Importer(815301076,1909f56bfc062723c751e8b465ee728b)  -> (artifact id: '745562844cf842b2b7357bc2053eceb2') in 0.009535 seconds
  Import took 0.011186 seconds .

========================================================================
Received Prepare
Registering precompiled user dll's ...
Registered in 0.002991 seconds.
Begin MonoManager ReloadAssembly
Native extension for WindowsStandalone target not found
Refreshing native plugins compatible for Editor in 0.32 ms, found 2 plugins.
Preloading 0 native plugins for Editor in 0.00 ms.
Invoked RoslynAnalysisRunner static constructor.
RoslynAnalysisRunner will not be running.
RoslynAnalysisRunner has terminated.
Mono: successfully reloaded assembly
- Completed reload, in  0.468 seconds
Platform modules already initialized, skipping
Refreshing native plugins compatible for Editor in 0.18 ms, found 2 plugins.
Preloading 0 native plugins for Editor in 0.00 ms.
Unloading 1094 Unused Serialized files (Serialized files now loaded: 0)
System memory in use before: 60.3 MB.
System memory in use after: 60.4 MB.

Unloading 22 unused Assets to reduce memory usage. Loaded Objects now: 1652.
Total: 1.265400 ms (FindLiveObjects: 0.127400 ms CreateObjectMapping: 0.027400 ms MarkObjects: 1.093300 ms  DeleteObjects: 0.016700 ms)

========================================================================
Received Import Request.
  Time since last request: 4.810150 seconds.
  path: Assets/Bullet.prefab
  artifactKey: Guid(7765223cdb96b714ebf0e82724397cec) Importer(815301076,1909f56bfc062723c751e8b465ee728b)
Start importing Assets/Bullet.prefab using Guid(7765223cdb96b714ebf0e82724397cec) Importer(815301076,1909f56bfc062723c751e8b465ee728b)  -> (artifact id: '474e78f3cd127ab77bb7df13b51b448b') in 0.038085 seconds
  Import took 0.039801 seconds .

========================================================================
Received Prepare
Registering precompiled user dll's ...
Registered in 0.003056 seconds.
Begin MonoManager ReloadAssembly
Native extension for WindowsStandalone target not found
Refreshing native plugins compatible for Editor in 0.32 ms, found 2 plugins.
Preloading 0 native plugins for Editor in 0.00 ms.
Invoked RoslynAnalysisRunner static constructor.
RoslynAnalysisRunner will not be running.
RoslynAnalysisRunner has terminated.
Mono: successfully reloaded assembly
- Completed reload, in  0.460 seconds
Platform modules already initialized, skipping
Refreshing native plugins compatible for Editor in 0.32 ms, found 2 plugins.
Preloading 0 native plugins for Editor in 0.00 ms.
Unloading 1094 Unused Serialized files (Serialized files now loaded: 0)
System memory in use before: 60.3 MB.
System memory in use after: 60.4 MB.

Unloading 22 unused Assets to reduce memory usage. Loaded Objects now: 1655.
Total: 1.627700 ms (FindLiveObjects: 0.213700 ms CreateObjectMapping: 0.043200 ms MarkObjects: 1.349000 ms  DeleteObjects: 0.021000 ms)

========================================================================
Received Prepare
Registering precompiled user dll's ...
Registered in 0.002987 seconds.
Begin MonoManager ReloadAssembly
Native extension for WindowsStandalone target not found
Refreshing native plugins compatible for Editor in 0.31 ms, found 2 plugins.
Preloading 0 native plugins for Editor in 0.00 ms.
Invoked RoslynAnalysisRunner static constructor.
RoslynAnalysisRunner will not be running.
RoslynAnalysisRunner has terminated.
Mono: successfully reloaded assembly
- Completed reload, in  0.462 seconds
Platform modules already initialized, skipping
Refreshing native plugins compatible for Editor in 0.32 ms, found 2 plugins.
Preloading 0 native plugins for Editor in 0.00 ms.
Unloading 1094 Unused Serialized files (Serialized files now loaded: 0)
System memory in use before: 60.4 MB.
System memory in use after: 60.4 MB.

Unloading 21 unused Assets to reduce memory usage. Loaded Objects now: 1657.
Total: 1.381000 ms (FindLiveObjects: 0.146700 ms CreateObjectMapping: 0.031000 ms MarkObjects: 1.187400 ms  DeleteObjects: 0.015100 ms)

========================================================================
Received Import Request.
  Time since last request: 527.447372 seconds.
  path: Packages/com.unity.collab-proxy
  artifactKey: Guid(1adad61bfb44214ee3e887b5febc4396) Importer(815301076,1909f56bfc062723c751e8b465ee728b)
Start importing Packages/com.unity.collab-proxy using Guid(1adad61bfb44214ee3e887b5febc4396) Importer(815301076,1909f56bfc062723c751e8b465ee728b)  -> (artifact id: 'f149ba5ee19cc0cf4b910c233eb7c677') in 0.011268 seconds
  Import took 0.012947 seconds .

AssetImportWorkerClient::OnTransportError - code=2 error=End of file
